<?xml version="1.0" encoding="UTF-8"?>
<testng-results skipped="0" failed="0" ignored="0" total="1" passed="1">
  <reporter-output>
  </reporter-output>
  <suite name="Default suite" duration-ms="14503" started-at="2017-06-19T17:17:30Z" finished-at="2017-06-19T17:17:45Z">
    <groups>
    </groups>
    <test name="Default test" duration-ms="14503" started-at="2017-06-19T17:17:30Z" finished-at="2017-06-19T17:17:45Z">
      <class name="com.general.practicetests.MultipleWindow">
        <test-method status="PASS" signature="TestPopUp()[pri:0, instance:com.general.practicetests.MultipleWindow@5792a0]" name="TestPopUp" duration-ms="14425" started-at="2017-06-19T22:47:30Z" finished-at="2017-06-19T22:47:45Z">
          <reporter-output>
          </reporter-output>
        </test-method> <!-- TestPopUp -->
      </class> <!-- com.general.practicetests.MultipleWindow -->
    </test> <!-- Default test -->
  </suite> <!-- Default suite -->
</testng-results>
