<?xml version="1.0" encoding="UTF-8"?>
<!-- Generated by org.testng.reporters.JUnitXMLReporter -->
<testsuite hostname="admin-PC" ignored="0" name="Test" tests="1" failures="1" timestamp="18 Jun 2017 11:01:12 GMT" time="0.633" errors="0">
  <testcase name="@BeforeTest setup" time="0.513" classname="com.guru99.testcases.LoginIntoGuru99">
    <failure type="java.lang.IllegalStateException" message="The driver executable does not exist: C:\Users\admin\Desktop\workspace\practice\chromedriver.exe">
      <![CDATA[java.lang.IllegalStateException: The driver executable does not exist: C:\Users\admin\Desktop\workspace\practice\chromedriver.exe
	at com.google.common.base.Preconditions.checkState(Preconditions.java:518)
	at org.openqa.selenium.remote.service.DriverService.checkExecutable(DriverService.java:136)
	at org.openqa.selenium.remote.service.DriverService.findExecutable(DriverService.java:131)
	at org.openqa.selenium.chrome.ChromeDriverService.access$000(ChromeDriverService.java:32)
	at org.openqa.selenium.chrome.ChromeDriverService$Builder.findDefaultExecutable(ChromeDriverService.java:137)
	at org.openqa.selenium.remote.service.DriverService$Builder.build(DriverService.java:330)
	at org.openqa.selenium.chrome.ChromeDriverService.createDefaultService(ChromeDriverService.java:88)
	at org.openqa.selenium.chrome.ChromeDriver.<init>(ChromeDriver.java:124)
	at com.guru99.testcases.LoginIntoGuru99.setup(LoginIntoGuru99.java:18)
... Removed 23 stack frames]]>
    </failure>
  </testcase> <!-- @BeforeTest setup -->
  <testcase name="@AfterTest close" time="0.0" classname="com.guru99.testcases.LoginIntoGuru99">
    <skipped/>
  </testcase> <!-- @AfterTest close -->
  <testcase name="loginIntoGuru99" time="0.0" classname="com.guru99.testcases.LoginIntoGuru99">
    <failure type="org.testng.TestNGException" message="
Data Provider public java.lang.Object[][] com.guru99.common.GenericDataProvider.getDataForLoginFunctionality() throws java.lang.Exception must return either Object[][] or Iterator&amp;lt;Object&amp;gt;[], not class [[Ljava.lang.Object;">
      <![CDATA[org.testng.TestNGException: 
Data Provider public java.lang.Object[][] com.guru99.common.GenericDataProvider.getDataForLoginFunctionality() throws java.lang.Exception must return either Object[][] or Iterator<Object>[], not class [[Ljava.lang.Object;
... Removed 22 stack frames]]>
    </failure>
  </testcase> <!-- loginIntoGuru99 -->
</testsuite> <!-- Test -->
